Flow report for lab3junktrunk
Wed Nov 06 19:34:19 2024
Quartus II 64-Bit Version 13.0.1 Build 232 06/12/2013 Service Pack 1 SJ Web Edition


---------------------
; Table of Contents ;
---------------------
  1. Legal Notice
  2. Flow Summary
  3. Flow Settings
  4. Flow Non-Default Global Settings
  5. Flow Elapsed Time
  6. Flow OS Summary
  7. Flow Log
  8. Flow Messages
  9. Flow Suppressed Messages



----------------
; Legal Notice ;
----------------
Copyright (C) 1991-2013 Altera Corporation
Your use of Altera Corporation's design tools, logic functions 
and other software and tools, and its AMPP partner logic 
functions, and any output files from any of the foregoing 
(including device programming or simulation files), and any 
associated documentation or information are expressly subject 
to the terms and conditions of the Altera Program License 
Subscription Agreement, Altera MegaCore Function License 
Agreement, or other applicable license agreement, including, 
without limitation, that your use is for the sole purpose of 
programming logic devices manufactured by Altera and sold by 
Altera or its authorized distributors.  Please refer to the 
applicable agreement for further details.



+--------------------------------------------------------------------------------------+
; Flow Summary                                                                         ;
+------------------------------------+-------------------------------------------------+
; Flow Status                        ; Successful - Wed Nov 06 19:34:12 2024           ;
; Quartus II 64-Bit Version          ; 13.0.1 Build 232 06/12/2013 SP 1 SJ Web Edition ;
; Revision Name                      ; lab3junktrunk                                   ;
; Top-level Entity Name              ; trafficLightController                          ;
; Family                             ; Cyclone IV E                                    ;
; Device                             ; EP4CE115F29C7                                   ;
; Timing Models                      ; Final                                           ;
; Total logic elements               ; 25 / 114,480 ( < 1 % )                          ;
;     Total combinational functions  ; 25 / 114,480 ( < 1 % )                          ;
;     Dedicated logic registers      ; 7 / 114,480 ( < 1 % )                           ;
; Total registers                    ; 7                                               ;
; Total pins                         ; 17 / 529 ( 3 % )                                ;
; Total virtual pins                 ; 0                                               ;
; Total memory bits                  ; 0 / 3,981,312 ( 0 % )                           ;
; Embedded Multiplier 9-bit elements ; 0 / 532 ( 0 % )                                 ;
; Total PLLs                         ; 0 / 4 ( 0 % )                                   ;
+------------------------------------+-------------------------------------------------+


+-----------------------------------------+
; Flow Settings                           ;
+-------------------+---------------------+
; Option            ; Setting             ;
+-------------------+---------------------+
; Start date & time ; 11/06/2024 19:33:38 ;
; Main task         ; Compilation         ;
; Revision Name     ; lab3junktrunk       ;
+-------------------+---------------------+


+----------------------------------------------------------------------------------------------------------------------------+
; Flow Non-Default Global Settings                                                                                           ;
+-------------------------------------+--------------------------------+---------------+------------------------+------------+
; Assignment Name                     ; Value                          ; Default Value ; Entity Name            ; Section Id ;
+-------------------------------------+--------------------------------+---------------+------------------------+------------+
; COMPILER_SIGNATURE_ID               ; 57277343986939.173093961707460 ; --            ; --                     ; --         ;
; MAX_CORE_JUNCTION_TEMP              ; 85                             ; --            ; --                     ; --         ;
; MIN_CORE_JUNCTION_TEMP              ; 0                              ; --            ; --                     ; --         ;
; NOMINAL_CORE_SUPPLY_VOLTAGE         ; 1.2V                           ; --            ; --                     ; --         ;
; PARTITION_COLOR                     ; 16764057                       ; --            ; trafficLightController ; Top        ;
; PARTITION_FITTER_PRESERVATION_LEVEL ; PLACEMENT_AND_ROUTING          ; --            ; trafficLightController ; Top        ;
; PARTITION_NETLIST_TYPE              ; SOURCE                         ; --            ; trafficLightController ; Top        ;
; PROJECT_OUTPUT_DIRECTORY            ; output_files                   ; --            ; --                     ; --         ;
; TOP_LEVEL_ENTITY                    ; trafficLightController         ; lab3junktrunk ; --                     ; --         ;
+-------------------------------------+--------------------------------+---------------+------------------------+------------+


+-------------------------------------------------------------------------------------------------------------------------------+
; Flow Elapsed Time                                                                                                             ;
+---------------------------+--------------+-------------------------+---------------------+------------------------------------+
; Module Name               ; Elapsed Time ; Average Processors Used ; Peak Virtual Memory ; Total CPU Time (on all processors) ;
+---------------------------+--------------+-------------------------+---------------------+------------------------------------+
; Analysis & Synthesis      ; 00:00:05     ; 1.0                     ; 4705 MB             ; 00:00:04                           ;
; Fitter                    ; 00:00:23     ; 1.0                     ; 5337 MB             ; 00:00:21                           ;
; Assembler                 ; 00:00:07     ; 1.0                     ; 4613 MB             ; 00:00:07                           ;
; TimeQuest Timing Analyzer ; 00:00:06     ; 1.0                     ; 4726 MB             ; 00:00:05                           ;
; Total                     ; 00:00:41     ; --                      ; --                  ; 00:00:37                           ;
+---------------------------+--------------+-------------------------+---------------------+------------------------------------+


+----------------------------------------------------------------------------------------+
; Flow OS Summary                                                                        ;
+---------------------------+------------------+-----------+------------+----------------+
; Module Name               ; Machine Hostname ; OS Name   ; OS Version ; Processor type ;
+---------------------------+------------------+-----------+------------+----------------+
; Analysis & Synthesis      ; 1850-B402S016    ; Windows 7 ; 6.2        ; x86_64         ;
; Fitter                    ; 1850-B402S016    ; Windows 7 ; 6.2        ; x86_64         ;
; Assembler                 ; 1850-B402S016    ; Windows 7 ; 6.2        ; x86_64         ;
; TimeQuest Timing Analyzer ; 1850-B402S016    ; Windows 7 ; 6.2        ; x86_64         ;
+---------------------------+------------------+-----------+------------+----------------+


------------
; Flow Log ;
------------
quartus_map --read_settings_files=on --write_settings_files=off lab3junktrunk -c lab3junktrunk
quartus_fit --read_settings_files=off --write_settings_files=off lab3junktrunk -c lab3junktrunk
quartus_asm --read_settings_files=off --write_settings_files=off lab3junktrunk -c lab3junktrunk
quartus_sta lab3junktrunk -c lab3junktrunk



