Analysis & Synthesis report for lab3junktrunk
Wed Nov 06 19:33:40 2024
Quartus II 64-Bit Version 13.0.1 Build 232 06/12/2013 Service Pack 1 SJ Web Edition


---------------------
; Table of Contents ;
---------------------
  1. Legal Notice
  2. Analysis & Synthesis Summary
  3. Analysis & Synthesis Settings
  4. Parallel Compilation
  5. Analysis & Synthesis Source Files Read
  6. Analysis & Synthesis Resource Usage Summary
  7. Analysis & Synthesis Resource Utilization by Entity
  8. Registers Removed During Synthesis
  9. General Register Statistics
 10. Port Connectivity Checks: "counter_4b:MSTcounter|dFF_2:DFF3"
 11. Port Connectivity Checks: "MUX4to1_4b:maxMUX"
 12. Port Connectivity Checks: "comparator_4b:Comparator|oneBitComparator:CP3"
 13. Port Connectivity Checks: "FSMController:FSMController|dFF_2:DFF0"
 14. Elapsed Time Per Partition
 15. Analysis & Synthesis Messages



----------------
; Legal Notice ;
----------------
Copyright (C) 1991-2013 Altera Corporation
Your use of Altera Corporation's design tools, logic functions 
and other software and tools, and its AMPP partner logic 
functions, and any output files from any of the foregoing 
(including device programming or simulation files), and any 
associated documentation or information are expressly subject 
to the terms and conditions of the Altera Program License 
Subscription Agreement, Altera MegaCore Function License 
Agreement, or other applicable license agreement, including, 
without limitation, that your use is for the sole purpose of 
programming logic devices manufactured by Altera and sold by 
Altera or its authorized distributors.  Please refer to the 
applicable agreement for further details.



+--------------------------------------------------------------------------------------+
; Analysis & Synthesis Summary                                                         ;
+------------------------------------+-------------------------------------------------+
; Analysis & Synthesis Status        ; Successful - Wed Nov 06 19:33:40 2024           ;
; Quartus II 64-Bit Version          ; 13.0.1 Build 232 06/12/2013 SP 1 SJ Web Edition ;
; Revision Name                      ; lab3junktrunk                                   ;
; Top-level Entity Name              ; trafficLightController                          ;
; Family                             ; Cyclone IV E                                    ;
; Total logic elements               ; 25                                              ;
;     Total combinational functions  ; 25                                              ;
;     Dedicated logic registers      ; 7                                               ;
; Total registers                    ; 7                                               ;
; Total pins                         ; 17                                              ;
; Total virtual pins                 ; 0                                               ;
; Total memory bits                  ; 0                                               ;
; Embedded Multiplier 9-bit elements ; 0                                               ;
; Total PLLs                         ; 0                                               ;
+------------------------------------+-------------------------------------------------+


+--------------------------------------------------------------------------------------------------------------------------+
; Analysis & Synthesis Settings                                                                                            ;
+----------------------------------------------------------------------------+------------------------+--------------------+
; Option                                                                     ; Setting                ; Default Value      ;
+----------------------------------------------------------------------------+------------------------+--------------------+
; Device                                                                     ; EP4CE115F29C7          ;                    ;
; Top-level entity name                                                      ; trafficLightController ; lab3junktrunk      ;
; Family name                                                                ; Cyclone IV E           ; Cyclone IV GX      ;
; Use smart compilation                                                      ; Off                    ; Off                ;
; Enable parallel Assembler and TimeQuest Timing Analyzer during compilation ; On                     ; On                 ;
; Enable compact report table                                                ; Off                    ; Off                ;
; Restructure Multiplexers                                                   ; Auto                   ; Auto               ;
; Create Debugging Nodes for IP Cores                                        ; Off                    ; Off                ;
; Preserve fewer node names                                                  ; On                     ; On                 ;
; Disable OpenCore Plus hardware evaluation                                  ; Off                    ; Off                ;
; Verilog Version                                                            ; Verilog_2001           ; Verilog_2001       ;
; VHDL Version                                                               ; VHDL_1993              ; VHDL_1993          ;
; State Machine Processing                                                   ; Auto                   ; Auto               ;
; Safe State Machine                                                         ; Off                    ; Off                ;
; Extract Verilog State Machines                                             ; On                     ; On                 ;
; Extract VHDL State Machines                                                ; On                     ; On                 ;
; Ignore Verilog initial constructs                                          ; Off                    ; Off                ;
; Iteration limit for constant Verilog loops                                 ; 5000                   ; 5000               ;
; Iteration limit for non-constant Verilog loops                             ; 250                    ; 250                ;
; Add Pass-Through Logic to Inferred RAMs                                    ; On                     ; On                 ;
; Infer RAMs from Raw Logic                                                  ; On                     ; On                 ;
; Parallel Synthesis                                                         ; On                     ; On                 ;
; DSP Block Balancing                                                        ; Auto                   ; Auto               ;
; NOT Gate Push-Back                                                         ; On                     ; On                 ;
; Power-Up Don't Care                                                        ; On                     ; On                 ;
; Remove Redundant Logic Cells                                               ; Off                    ; Off                ;
; Remove Duplicate Registers                                                 ; On                     ; On                 ;
; Ignore CARRY Buffers                                                       ; Off                    ; Off                ;
; Ignore CASCADE Buffers                                                     ; Off                    ; Off                ;
; Ignore GLOBAL Buffers                                                      ; Off                    ; Off                ;
; Ignore ROW GLOBAL Buffers                                                  ; Off                    ; Off                ;
; Ignore LCELL Buffers                                                       ; Off                    ; Off                ;
; Ignore SOFT Buffers                                                        ; On                     ; On                 ;
; Limit AHDL Integers to 32 Bits                                             ; Off                    ; Off                ;
; Optimization Technique                                                     ; Balanced               ; Balanced           ;
; Carry Chain Length                                                         ; 70                     ; 70                 ;
; Auto Carry Chains                                                          ; On                     ; On                 ;
; Auto Open-Drain Pins                                                       ; On                     ; On                 ;
; Perform WYSIWYG Primitive Resynthesis                                      ; Off                    ; Off                ;
; Auto ROM Replacement                                                       ; On                     ; On                 ;
; Auto RAM Replacement                                                       ; On                     ; On                 ;
; Auto DSP Block Replacement                                                 ; On                     ; On                 ;
; Auto Shift Register Replacement                                            ; Auto                   ; Auto               ;
; Allow Shift Register Merging across Hierarchies                            ; Auto                   ; Auto               ;
; Auto Clock Enable Replacement                                              ; On                     ; On                 ;
; Strict RAM Replacement                                                     ; Off                    ; Off                ;
; Allow Synchronous Control Signals                                          ; On                     ; On                 ;
; Force Use of Synchronous Clear Signals                                     ; Off                    ; Off                ;
; Auto RAM Block Balancing                                                   ; On                     ; On                 ;
; Auto RAM to Logic Cell Conversion                                          ; Off                    ; Off                ;
; Auto Resource Sharing                                                      ; Off                    ; Off                ;
; Allow Any RAM Size For Recognition                                         ; Off                    ; Off                ;
; Allow Any ROM Size For Recognition                                         ; Off                    ; Off                ;
; Allow Any Shift Register Size For Recognition                              ; Off                    ; Off                ;
; Use LogicLock Constraints during Resource Balancing                        ; On                     ; On                 ;
; Ignore translate_off and synthesis_off directives                          ; Off                    ; Off                ;
; Timing-Driven Synthesis                                                    ; On                     ; On                 ;
; Report Parameter Settings                                                  ; On                     ; On                 ;
; Report Source Assignments                                                  ; On                     ; On                 ;
; Report Connectivity Checks                                                 ; On                     ; On                 ;
; Ignore Maximum Fan-Out Assignments                                         ; Off                    ; Off                ;
; Synchronization Register Chain Length                                      ; 2                      ; 2                  ;
; PowerPlay Power Optimization                                               ; Normal compilation     ; Normal compilation ;
; HDL message level                                                          ; Level2                 ; Level2             ;
; Suppress Register Optimization Related Messages                            ; Off                    ; Off                ;
; Number of Removed Registers Reported in Synthesis Report                   ; 5000                   ; 5000               ;
; Number of Swept Nodes Reported in Synthesis Report                         ; 5000                   ; 5000               ;
; Number of Inverted Registers Reported in Synthesis Report                  ; 100                    ; 100                ;
; Clock MUX Protection                                                       ; On                     ; On                 ;
; Auto Gated Clock Conversion                                                ; Off                    ; Off                ;
; Block Design Naming                                                        ; Auto                   ; Auto               ;
; SDC constraint protection                                                  ; Off                    ; Off                ;
; Synthesis Effort                                                           ; Auto                   ; Auto               ;
; Shift Register Replacement - Allow Asynchronous Clear Signal               ; On                     ; On                 ;
; Pre-Mapping Resynthesis Optimization                                       ; Off                    ; Off                ;
; Analysis & Synthesis Message Level                                         ; Medium                 ; Medium             ;
; Disable Register Merging Across Hierarchies                                ; Auto                   ; Auto               ;
; Resource Aware Inference For Block RAM                                     ; On                     ; On                 ;
; Synthesis Seed                                                             ; 1                      ; 1                  ;
+----------------------------------------------------------------------------+------------------------+--------------------+


Parallel compilation was disabled, but you have multiple processors available. Enable parallel compilation to reduce compilation time.
+-------------------------------------+
; Parallel Compilation                ;
+----------------------------+--------+
; Processors                 ; Number ;
+----------------------------+--------+
; Number detected on machine ; 4      ;
; Maximum allowed            ; 1      ;
+----------------------------+--------+


+--------------------------------------------------------------------------------------------------------------------------------------------------------------------------------------------------------------------+
; Analysis & Synthesis Source Files Read                                                                                                                                                                             ;
+----------------------------------+-----------------+-----------------+-----------------------------------------------------------------------------------------------------------------------------------+---------+
; File Name with User-Entered Path ; Used in Netlist ; File Type       ; File Name with Absolute Path                                                                                                      ; Library ;
+----------------------------------+-----------------+-----------------+-----------------------------------------------------------------------------------------------------------------------------------+---------+
; comparator_4b.vhd                ; yes             ; User VHDL File  ; C:/Users/whamo086/Downloads/Lab3 - Traffic light controller/Lab3 - Traffic light controller/VHDL files/comparator_4b.vhd          ;         ;
; counter_4b.vhd                   ; yes             ; User VHDL File  ; C:/Users/whamo086/Downloads/Lab3 - Traffic light controller/Lab3 - Traffic light controller/VHDL files/counter_4b.vhd             ;         ;
; dFF_2.vhd                        ; yes             ; User VHDL File  ; C:/Users/whamo086/Downloads/Lab3 - Traffic light controller/Lab3 - Traffic light controller/VHDL files/dFF_2.vhd                  ;         ;
; FSMController.vhd                ; yes             ; User VHDL File  ; C:/Users/whamo086/Downloads/Lab3 - Traffic light controller/Lab3 - Traffic light controller/VHDL files/FSMController.vhd          ;         ;
; MUX2to1_4b.vhd                   ; yes             ; User VHDL File  ; C:/Users/whamo086/Downloads/Lab3 - Traffic light controller/Lab3 - Traffic light controller/VHDL files/MUX2to1_4b.vhd             ;         ;
; MUX4to1_4b.vhd                   ; yes             ; User VHDL File  ; C:/Users/whamo086/Downloads/Lab3 - Traffic light controller/Lab3 - Traffic light controller/VHDL files/MUX4to1_4b.vhd             ;         ;
; onebitcomparator.vhd             ; yes             ; User VHDL File  ; C:/Users/whamo086/Downloads/Lab3 - Traffic light controller/Lab3 - Traffic light controller/VHDL files/onebitcomparator.vhd       ;         ;
; trafficLightController.vhd       ; yes             ; User VHDL File  ; C:/Users/whamo086/Downloads/Lab3 - Traffic light controller/Lab3 - Traffic light controller/VHDL files/trafficLightController.vhd ;         ;
+----------------------------------+-----------------+-----------------+-----------------------------------------------------------------------------------------------------------------------------------+---------+


+--------------------------------------------------------------------------------------------+
; Analysis & Synthesis Resource Usage Summary                                                ;
+---------------------------------------------+----------------------------------------------+
; Resource                                    ; Usage                                        ;
+---------------------------------------------+----------------------------------------------+
; Estimated Total logic elements              ; 25                                           ;
;                                             ;                                              ;
; Total combinational functions               ; 25                                           ;
; Logic element usage by number of LUT inputs ;                                              ;
;     -- 4 input functions                    ; 17                                           ;
;     -- 3 input functions                    ; 1                                            ;
;     -- <=2 input functions                  ; 7                                            ;
;                                             ;                                              ;
; Logic elements by mode                      ;                                              ;
;     -- normal mode                          ; 25                                           ;
;     -- arithmetic mode                      ; 0                                            ;
;                                             ;                                              ;
; Total registers                             ; 7                                            ;
;     -- Dedicated logic registers            ; 7                                            ;
;     -- I/O registers                        ; 0                                            ;
;                                             ;                                              ;
; I/O pins                                    ; 17                                           ;
; Embedded Multiplier 9-bit elements          ; 0                                            ;
; Maximum fan-out node                        ; FSMController:FSMController|dFF_2:DFF2|int_q ;
; Maximum fan-out                             ; 14                                           ;
; Total fan-out                               ; 122                                          ;
; Average fan-out                             ; 1.85                                         ;
+---------------------------------------------+----------------------------------------------+


+-------------------------------------------------------------------------------------------------------------------------------------------------------------------------------------------------------------------------------------+
; Analysis & Synthesis Resource Utilization by Entity                                                                                                                                                                                 ;
+----------------------------------+-------------------+--------------+-------------+--------------+---------+-----------+------+--------------+-----------------------------------------------------------------------+--------------+
; Compilation Hierarchy Node       ; LC Combinationals ; LC Registers ; Memory Bits ; DSP Elements ; DSP 9x9 ; DSP 18x18 ; Pins ; Virtual Pins ; Full Hierarchy Name                                                   ; Library Name ;
+----------------------------------+-------------------+--------------+-------------+--------------+---------+-----------+------+--------------+-----------------------------------------------------------------------+--------------+
; |trafficLightController          ; 25 (0)            ; 7 (0)        ; 0           ; 0            ; 0       ; 0         ; 17   ; 0            ; |trafficLightController                                               ; work         ;
;    |FSMController:FSMController| ; 8 (6)             ; 3 (0)        ; 0           ; 0            ; 0       ; 0         ; 0    ; 0            ; |trafficLightController|FSMController:FSMController                   ; work         ;
;       |dFF_2:DFF0|               ; 1 (1)             ; 1 (1)        ; 0           ; 0            ; 0       ; 0         ; 0    ; 0            ; |trafficLightController|FSMController:FSMController|dFF_2:DFF0        ; work         ;
;       |dFF_2:DFF1|               ; 0 (0)             ; 1 (1)        ; 0           ; 0            ; 0       ; 0         ; 0    ; 0            ; |trafficLightController|FSMController:FSMController|dFF_2:DFF1        ; work         ;
;       |dFF_2:DFF2|               ; 1 (1)             ; 1 (1)        ; 0           ; 0            ; 0       ; 0         ; 0    ; 0            ; |trafficLightController|FSMController:FSMController|dFF_2:DFF2        ; work         ;
;    |MUX4to1_4b:maxMUX|           ; 3 (0)             ; 0 (0)        ; 0           ; 0            ; 0       ; 0         ; 0    ; 0            ; |trafficLightController|MUX4to1_4b:maxMUX                             ; work         ;
;       |MUX2to1_4b:MUX3|          ; 3 (3)             ; 0 (0)        ; 0           ; 0            ; 0       ; 0         ; 0    ; 0            ; |trafficLightController|MUX4to1_4b:maxMUX|MUX2to1_4b:MUX3             ; work         ;
;    |comparator_4b:Comparator|    ; 7 (4)             ; 0 (0)        ; 0           ; 0            ; 0       ; 0         ; 0    ; 0            ; |trafficLightController|comparator_4b:Comparator                      ; work         ;
;       |oneBitComparator:CP1|     ; 1 (1)             ; 0 (0)        ; 0           ; 0            ; 0       ; 0         ; 0    ; 0            ; |trafficLightController|comparator_4b:Comparator|oneBitComparator:CP1 ; work         ;
;       |oneBitComparator:CP2|     ; 2 (2)             ; 0 (0)        ; 0           ; 0            ; 0       ; 0         ; 0    ; 0            ; |trafficLightController|comparator_4b:Comparator|oneBitComparator:CP2 ; work         ;
;    |counter_4b:MSCcounter|       ; 7 (7)             ; 4 (0)        ; 0           ; 0            ; 0       ; 0         ; 0    ; 0            ; |trafficLightController|counter_4b:MSCcounter                         ; work         ;
;       |dFF_2:DFF0|               ; 0 (0)             ; 1 (1)        ; 0           ; 0            ; 0       ; 0         ; 0    ; 0            ; |trafficLightController|counter_4b:MSCcounter|dFF_2:DFF0              ; work         ;
;       |dFF_2:DFF1|               ; 0 (0)             ; 1 (1)        ; 0           ; 0            ; 0       ; 0         ; 0    ; 0            ; |trafficLightController|counter_4b:MSCcounter|dFF_2:DFF1              ; work         ;
;       |dFF_2:DFF2|               ; 0 (0)             ; 1 (1)        ; 0           ; 0            ; 0       ; 0         ; 0    ; 0            ; |trafficLightController|counter_4b:MSCcounter|dFF_2:DFF2              ; work         ;
;       |dFF_2:DFF3|               ; 0 (0)             ; 1 (1)        ; 0           ; 0            ; 0       ; 0         ; 0    ; 0            ; |trafficLightController|counter_4b:MSCcounter|dFF_2:DFF3              ; work         ;
+----------------------------------+-------------------+--------------+-------------+--------------+---------+-----------+------+--------------+-----------------------------------------------------------------------+--------------+
Note: For table entries with two numbers listed, the numbers in parentheses indicate the number of resources of the given type used by the specific entity alone. The numbers listed outside of parentheses indicate the total resources of the given type used by the specific entity and all of its sub-entities in the hierarchy.


+---------------------------------------------------------------------------------------------+
; Registers Removed During Synthesis                                                          ;
+----------------------------------------+----------------------------------------------------+
; Register name                          ; Reason for Removal                                 ;
+----------------------------------------+----------------------------------------------------+
; counter_4b:MSTcounter|dFF_2:DFF0|int_q ; Merged with counter_4b:MSCcounter|dFF_2:DFF0|int_q ;
; counter_4b:SSCcounter|dFF_2:DFF0|int_q ; Merged with counter_4b:MSCcounter|dFF_2:DFF0|int_q ;
; counter_4b:SSTcounter|dFF_2:DFF0|int_q ; Merged with counter_4b:MSCcounter|dFF_2:DFF0|int_q ;
; counter_4b:MSTcounter|dFF_2:DFF1|int_q ; Merged with counter_4b:MSCcounter|dFF_2:DFF1|int_q ;
; counter_4b:SSCcounter|dFF_2:DFF1|int_q ; Merged with counter_4b:MSCcounter|dFF_2:DFF1|int_q ;
; counter_4b:SSTcounter|dFF_2:DFF1|int_q ; Merged with counter_4b:MSCcounter|dFF_2:DFF1|int_q ;
; counter_4b:MSTcounter|dFF_2:DFF2|int_q ; Merged with counter_4b:MSCcounter|dFF_2:DFF2|int_q ;
; counter_4b:SSCcounter|dFF_2:DFF2|int_q ; Merged with counter_4b:MSCcounter|dFF_2:DFF2|int_q ;
; counter_4b:SSTcounter|dFF_2:DFF2|int_q ; Merged with counter_4b:MSCcounter|dFF_2:DFF2|int_q ;
; counter_4b:MSTcounter|dFF_2:DFF3|int_q ; Merged with counter_4b:MSCcounter|dFF_2:DFF3|int_q ;
; counter_4b:SSCcounter|dFF_2:DFF3|int_q ; Merged with counter_4b:MSCcounter|dFF_2:DFF3|int_q ;
; counter_4b:SSTcounter|dFF_2:DFF3|int_q ; Merged with counter_4b:MSCcounter|dFF_2:DFF3|int_q ;
; Total Number of Removed Registers = 12 ;                                                    ;
+----------------------------------------+----------------------------------------------------+


+------------------------------------------------------+
; General Register Statistics                          ;
+----------------------------------------------+-------+
; Statistic                                    ; Value ;
+----------------------------------------------+-------+
; Total registers                              ; 7     ;
; Number of registers using Synchronous Clear  ; 0     ;
; Number of registers using Synchronous Load   ; 0     ;
; Number of registers using Asynchronous Clear ; 0     ;
; Number of registers using Asynchronous Load  ; 0     ;
; Number of registers using Clock Enable       ; 0     ;
; Number of registers using Preset             ; 0     ;
+----------------------------------------------+-------+


+------------------------------------------------------------------------------------------------------------------+
; Port Connectivity Checks: "counter_4b:MSTcounter|dFF_2:DFF3"                                                     ;
+--------+--------+----------+-------------------------------------------------------------------------------------+
; Port   ; Type   ; Severity ; Details                                                                             ;
+--------+--------+----------+-------------------------------------------------------------------------------------+
; o_qbar ; Output ; Info     ; Connected to dangling logic. Logic that only feeds a dangling port will be removed. ;
+--------+--------+----------+-------------------------------------------------------------------------------------+


+-----------------------------------------------+
; Port Connectivity Checks: "MUX4to1_4b:maxMUX" ;
+-----------+-------+----------+----------------+
; Port      ; Type  ; Severity ; Details        ;
+-----------+-------+----------+----------------+
; in0[1..0] ; Input ; Info     ; Stuck at GND   ;
; in0[3]    ; Input ; Info     ; Stuck at GND   ;
; in0[2]    ; Input ; Info     ; Stuck at VCC   ;
; in2[1..0] ; Input ; Info     ; Stuck at VCC   ;
; in2[3..2] ; Input ; Info     ; Stuck at GND   ;
+-----------+-------+----------+----------------+


+---------------------------------------------------------------------------+
; Port Connectivity Checks: "comparator_4b:Comparator|oneBitComparator:CP3" ;
+--------------+-------+----------+-----------------------------------------+
; Port         ; Type  ; Severity ; Details                                 ;
+--------------+-------+----------+-----------------------------------------+
; i_gtprevious ; Input ; Info     ; Stuck at GND                            ;
; i_ltprevious ; Input ; Info     ; Stuck at GND                            ;
+--------------+-------+----------+-----------------------------------------+


+------------------------------------------------------------------------------------------------------------------+
; Port Connectivity Checks: "FSMController:FSMController|dFF_2:DFF0"                                               ;
+--------+--------+----------+-------------------------------------------------------------------------------------+
; Port   ; Type   ; Severity ; Details                                                                             ;
+--------+--------+----------+-------------------------------------------------------------------------------------+
; o_qbar ; Output ; Info     ; Connected to dangling logic. Logic that only feeds a dangling port will be removed. ;
+--------+--------+----------+-------------------------------------------------------------------------------------+


+-------------------------------+
; Elapsed Time Per Partition    ;
+----------------+--------------+
; Partition Name ; Elapsed Time ;
+----------------+--------------+
; Top            ; 00:00:00     ;
+----------------+--------------+


+-------------------------------+
; Analysis & Synthesis Messages ;
+-------------------------------+
Info: *******************************************************************
Info: Running Quartus II 64-Bit Analysis & Synthesis
    Info: Version 13.0.1 Build 232 06/12/2013 Service Pack 1 SJ Web Edition
    Info: Processing started: Wed Nov 06 19:33:35 2024
Info: Command: quartus_map --read_settings_files=on --write_settings_files=off lab3junktrunk -c lab3junktrunk
Warning (20028): Parallel compilation is not licensed and has been disabled
Info (12021): Found 2 design units, including 1 entities, in source file comparator_4b.vhd
    Info (12022): Found design unit 1: comparator_4b-struct
    Info (12023): Found entity 1: comparator_4b
Info (12021): Found 2 design units, including 1 entities, in source file counter_4b.vhd
    Info (12022): Found design unit 1: counter_4b-struct
    Info (12023): Found entity 1: counter_4b
Info (12021): Found 2 design units, including 1 entities, in source file countertb.vhd
    Info (12022): Found design unit 1: counterTB-Behavioral
    Info (12023): Found entity 1: counterTB
Info (12021): Found 2 design units, including 1 entities, in source file dff_2.vhd
    Info (12022): Found design unit 1: dFF_2-rtl
    Info (12023): Found entity 1: dFF_2
Info (12021): Found 2 design units, including 1 entities, in source file endff.vhd
    Info (12022): Found design unit 1: ENDFF-struct
    Info (12023): Found entity 1: ENDFF
Info (12021): Found 2 design units, including 1 entities, in source file fsmcontroller.vhd
    Info (12022): Found design unit 1: FSMController-struct
    Info (12023): Found entity 1: FSMController
Info (12021): Found 2 design units, including 1 entities, in source file mux2to1_4b.vhd
    Info (12022): Found design unit 1: MUX2to1_4b-struct
    Info (12023): Found entity 1: MUX2to1_4b
Info (12021): Found 2 design units, including 1 entities, in source file mux4to1_4b.vhd
    Info (12022): Found design unit 1: MUX4to1_4b-struct
    Info (12023): Found entity 1: MUX4to1_4b
Info (12021): Found 2 design units, including 1 entities, in source file onebitcomparator.vhd
    Info (12022): Found design unit 1: oneBitComparator-rtl
    Info (12023): Found entity 1: oneBitComparator
Info (12021): Found 2 design units, including 1 entities, in source file trafficlightcontroller.vhd
    Info (12022): Found design unit 1: trafficLightController-struct
    Info (12023): Found entity 1: trafficLightController
Info (12021): Found 2 design units, including 1 entities, in source file trafficlightcontrollertb.vhd
    Info (12022): Found design unit 1: trafficLightControllerTB-Behavioral
    Info (12023): Found entity 1: trafficLightControllerTB
Info (12127): Elaborating entity "trafficLightController" for the top level hierarchy
Info (12129): Elaborating entity "FSMController" using architecture "A:struct" for hierarchy "FSMController:FSMController"
Warning (10036): Verilog HDL or VHDL warning at FSMController.vhd(17): object "y0Bar" assigned a value but never read
Info (12129): Elaborating entity "dFF_2" using architecture "A:rtl" for hierarchy "FSMController:FSMController|dFF_2:DFF2"
Info (12129): Elaborating entity "comparator_4b" using architecture "A:struct" for hierarchy "comparator_4b:Comparator"
Info (12129): Elaborating entity "oneBitComparator" using architecture "A:rtl" for hierarchy "comparator_4b:Comparator|oneBitComparator:CP3"
Info (12129): Elaborating entity "MUX4to1_4b" using architecture "A:struct" for hierarchy "MUX4to1_4b:cntMUX"
Info (12129): Elaborating entity "MUX2to1_4b" using architecture "A:struct" for hierarchy "MUX4to1_4b:cntMUX|MUX2to1_4b:MUX1"
Info (12129): Elaborating entity "counter_4b" using architecture "A:struct" for hierarchy "counter_4b:MSTcounter"
Warning (10036): Verilog HDL or VHDL warning at counter_4b.vhd(15): object "y3Bar" assigned a value but never read
Info (286030): Timing-Driven Synthesis is running
Info (16010): Generating hard_block partition "hard_block:auto_generated_inst"
    Info (16011): Adding 0 node(s), including 0 DDIO, 0 PLL, 0 transceiver and 0 LCELL
Warning (21074): Design contains 1 input pin(s) that do not drive logic
    Warning (15610): No output dependent on input pin "GReset"
Info (21057): Implemented 42 device resources after synthesis - the final resource count might be different
    Info (21058): Implemented 11 input pins
    Info (21059): Implemented 6 output pins
    Info (21061): Implemented 25 logic cells
Info: Quartus II 64-Bit Analysis & Synthesis was successful. 0 errors, 5 warnings
    Info: Peak virtual memory: 4705 megabytes
    Info: Processing ended: Wed Nov 06 19:33:40 2024
    Info: Elapsed time: 00:00:05
    Info: Total CPU time (on all processors): 00:00:05


